<?xml version="1.0" encoding="UTF-8"?>
<!-- Generated by org.testng.reporters.JUnitReportReporter -->
<testsuite hostname="LAPTOP-JVQM85TB" failures="0" tests="2" name="cucmberOptions.TestRunner" time="56.261" errors="0" timestamp="2022-03-25T23:18:03 IST" skipped="0">
  <testcase classname="cucmberOptions.TestRunner" name="runScenario" time="31.609"/>
  <system-out/>
  <testcase classname="cucmberOptions.TestRunner" name="runScenario" time="24.652"/>
  <system-out/>
</testsuite> <!-- cucmberOptions.TestRunner -->
